<?xml version="1.0" encoding="UTF-8"?>
<testng-results skipped="0" failed="0" total="1" passed="1">
  <reporter-output>
  </reporter-output>
  <suite name="Default suite" duration-ms="34786" started-at="2019-12-13T03:06:02Z" finished-at="2019-12-13T03:06:37Z">
    <groups>
    </groups>
    <test name="Default test" duration-ms="34786" started-at="2019-12-13T03:06:02Z" finished-at="2019-12-13T03:06:37Z">
      <class name="DriverFactory.driverscript2">
        <test-method status="PASS" signature="startTest()[pri:0, instance:DriverFactory.driverscript2@2a5ca609]" name="startTest" duration-ms="34743" started-at="2019-12-13T08:36:02Z" finished-at="2019-12-13T08:36:36Z">
          <reporter-output>
          </reporter-output>
        </test-method> <!-- startTest -->
      </class> <!-- DriverFactory.driverscript2 -->
    </test> <!-- Default test -->
  </suite> <!-- Default suite -->
</testng-results>
